Using pre-set license
Built from '2020.3/staging' branch; Version is '2020.3.8f1 (507919d4fff5) revision 5273881'; Using compiler version '192528614'; Build Type 'Release'
OS: 'Windows 10 Home; OS build 19042.985; Version 2009; 64bit' Language: 'ru' Physical Memory: 16328 MB
BatchMode: 1, IsHumanControllingUs: 0, StartBugReporterOnCrash: 0, Is64bit: 1, IsPro: 0

 COMMAND LINE ARGUMENTS:
C:\Program Files\Unity\Hub\Editor\2020.3.8f1\Editor\Unity.exe
-adb2
-batchMode
-noUpm
-name
AssetImportWorker0
-projectPath
F:/progect/Tower
-logFile
Logs/AssetImportWorker0.log
-srvPort
50307
Successfully changed project path to: F:/progect/Tower
F:/progect/Tower
Using Asset Import Pipeline V2.
Refreshing native plugins compatible for Editor in 30.88 ms, found 1 plugins.
Preloading 0 native plugins for Editor in 0.00 ms.
Initialize engine version: 2020.3.8f1 (507919d4fff5)
[Subsystems] Discovering subsystems at path C:/Program Files/Unity/Hub/Editor/2020.3.8f1/Editor/Data/Resources/UnitySubsystems
[Subsystems] Discovering subsystems at path F:/progect/Tower/Assets
GfxDevice: creating device client; threaded=0
Direct3D:
    Version:  Direct3D 11.0 [level 11.1]
    Renderer: NVIDIA GeForce RTX 2070 SUPER (ID=0x1e84)
    Vendor:   
    VRAM:     8011 MB
    Driver:   27.21.14.6647
Initialize mono
Mono path[0] = 'C:/Program Files/Unity/Hub/Editor/2020.3.8f1/Editor/Data/Managed'
Mono path[1] = 'C:/Program Files/Unity/Hub/Editor/2020.3.8f1/Editor/Data/MonoBleedingEdge/lib/mono/unityjit'
Mono config path = 'C:/Program Files/Unity/Hub/Editor/2020.3.8f1/Editor/Data/MonoBleedingEdge/etc'
Using monoOptions --debugger-agent=transport=dt_socket,embedding=1,server=y,suspend=n,address=127.0.0.1:56088
Begin MonoManager ReloadAssembly
Registering precompiled unity dll's ...
Register platform support module: C:/Program Files/Unity/Hub/Editor/2020.3.8f1/Editor/Data/PlaybackEngines/WindowsStandaloneSupport/UnityEditor.WindowsStandalone.Extensions.dll
Registered in 0.001609 seconds.
Native extension for WindowsStandalone target not found
Refreshing native plugins compatible for Editor in 33.77 ms, found 1 plugins.
Preloading 0 native plugins for Editor in 0.00 ms.
Mono: successfully reloaded assembly
- Completed reload, in  1.407 seconds
Platform modules already initialized, skipping
Registering precompiled user dll's ...
Registered in 0.000492 seconds.
Begin MonoManager ReloadAssembly
Native extension for WindowsStandalone target not found
Refreshing native plugins compatible for Editor in 31.04 ms, found 1 plugins.
Preloading 0 native plugins for Editor in 0.00 ms.
Mono: successfully reloaded assembly
- Completed reload, in  0.761 seconds
Platform modules already initialized, skipping
========================================================================
Worker process is ready to serve import requests
Launched and connected shader compiler UnityShaderCompiler.exe after 0.04 seconds
Refreshing native plugins compatible for Editor in 0.37 ms, found 1 plugins.
Preloading 0 native plugins for Editor in 0.00 ms.
Unloading 1809 Unused Serialized files (Serialized files now loaded: 0)
System memory in use before: 84.7 MB.
System memory in use after: 84.8 MB.

Unloading 19 unused Assets to reduce memory usage. Loaded Objects now: 2255.
Total: 1.778700 ms (FindLiveObjects: 0.190200 ms CreateObjectMapping: 0.041300 ms MarkObjects: 1.486800 ms  DeleteObjects: 0.059500 ms)

========================================================================
Received Import Request.
  path: Assets/Scenes
  artifactKey: Guid(8b367c07dca05f34ba9e8142c5a2ae80) Importer(815301076,1909f56bfc062723c751e8b465ee728b)
Start importing Assets/Scenes using Guid(8b367c07dca05f34ba9e8142c5a2ae80) Importer(815301076,1909f56bfc062723c751e8b465ee728b)  -> (artifact id: '677f87184252fc758919a8d16220516d') in 0.009371 seconds
  Import took 0.012183 seconds .

========================================================================
Received Import Request.
  Time since last request: 0.000198 seconds.
  path: Assets/Scenes/SampleScene.unity
  artifactKey: Guid(2cda990e2423bbf4892e6590ba056729) Importer(815301076,1909f56bfc062723c751e8b465ee728b)
Start importing Assets/Scenes/SampleScene.unity using Guid(2cda990e2423bbf4892e6590ba056729) Importer(815301076,1909f56bfc062723c751e8b465ee728b)  -> (artifact id: 'aa27944bdea339c97c39027c7eea529c') in 0.011567 seconds
  Import took 0.014174 seconds .

========================================================================
Received Import Request.
  Time since last request: 17.816054 seconds.
  path: Assets/Scenes/Main.unity
  artifactKey: Guid(eebec9f99c978f249b497eae20564893) Importer(815301076,1909f56bfc062723c751e8b465ee728b)
Start importing Assets/Scenes/Main.unity using Guid(eebec9f99c978f249b497eae20564893) Importer(815301076,1909f56bfc062723c751e8b465ee728b)  -> (artifact id: '204b87dff806921c6df88daed6252a2f') in 0.005814 seconds
  Import took 0.008559 seconds .

========================================================================
Received Import Request.
  Time since last request: 4.776600 seconds.
  path: Assets
  artifactKey: Guid(00000000000000001000000000000000) Importer(815301076,1909f56bfc062723c751e8b465ee728b)
Start importing Assets using Guid(00000000000000001000000000000000) Importer(815301076,1909f56bfc062723c751e8b465ee728b)  -> (artifact id: '42d402b061de3733987d63b9cc3b64de') in 0.005983 seconds
  Import took 0.009087 seconds .

========================================================================
Received Import Request.
  Time since last request: 0.000196 seconds.
  path: Assets
  artifactKey: Guid(00000000000000001000000000000000) Importer(815301076,1909f56bfc062723c751e8b465ee728b)
Start importing Assets using Guid(00000000000000001000000000000000) Importer(815301076,1909f56bfc062723c751e8b465ee728b)  -> (artifact id: '42d402b061de3733987d63b9cc3b64de') in 0.001483 seconds
  Import took 0.003629 seconds .

========================================================================
Received Import Request.
  Time since last request: 7.912759 seconds.
  path: Assets/Prefabs
  artifactKey: Guid(84b92a4bf3530424995824da481fb031) Importer(815301076,1909f56bfc062723c751e8b465ee728b)
Start importing Assets/Prefabs using Guid(84b92a4bf3530424995824da481fb031) Importer(815301076,1909f56bfc062723c751e8b465ee728b)  -> (artifact id: 'cb36490b88989e1100cf54280caf90c1') in 0.006045 seconds
  Import took 0.008829 seconds .

========================================================================
Received Import Request.
  Time since last request: 2.212413 seconds.
  path: Assets/Prefabs/MainCanvas.prefab
  artifactKey: Guid(540260b074c54894fba92154c6f27e60) Importer(815301076,1909f56bfc062723c751e8b465ee728b)
Start importing Assets/Prefabs/MainCanvas.prefab using Guid(540260b074c54894fba92154c6f27e60) Importer(815301076,1909f56bfc062723c751e8b465ee728b)  -> (artifact id: '5983a19cc0f9053b622000bbe5ca73ee') in 0.033368 seconds
  Import took 0.036059 seconds .

========================================================================
Received Import Request.
  Time since last request: 0.000935 seconds.
  path: Assets/Prefabs/MainCanvas.prefab
  artifactKey: Guid(540260b074c54894fba92154c6f27e60) Importer(815301076,1909f56bfc062723c751e8b465ee728b)
Start importing Assets/Prefabs/MainCanvas.prefab using Guid(540260b074c54894fba92154c6f27e60) Importer(815301076,1909f56bfc062723c751e8b465ee728b)  -> (artifact id: '5983a19cc0f9053b622000bbe5ca73ee') in 0.002677 seconds
  Import took 0.005146 seconds .

========================================================================
Received Import Request.
  Time since last request: 35.314486 seconds.
  path: Assets/Scenes/Main.unity
  artifactKey: Guid(eebec9f99c978f249b497eae20564893) Importer(815301076,1909f56bfc062723c751e8b465ee728b)
Start importing Assets/Scenes/Main.unity using Guid(eebec9f99c978f249b497eae20564893) Importer(815301076,1909f56bfc062723c751e8b465ee728b)  -> (artifact id: '8a2d0a7994e78bceb89ad19e0256160e') in 0.002200 seconds
  Import took 0.004911 seconds .

========================================================================
Received Import Request.
  Time since last request: 7.729304 seconds.
  path: Assets/Scenes/SampleScene.unity
  artifactKey: Guid(2cda990e2423bbf4892e6590ba056729) Importer(815301076,1909f56bfc062723c751e8b465ee728b)
Start importing Assets/Scenes/SampleScene.unity using Guid(2cda990e2423bbf4892e6590ba056729) Importer(815301076,1909f56bfc062723c751e8b465ee728b)  -> (artifact id: 'b9fa0b607c43d12d5d8081a89de6beb5') in 0.001901 seconds
  Import took 0.004610 seconds .

========================================================================
Received Import Request.
  Time since last request: 5.717572 seconds.
  path: Assets/Prototip.unity
  artifactKey: Guid(fec53396e9f219246a6c89f012bdbab5) Importer(815301076,1909f56bfc062723c751e8b465ee728b)
Start importing Assets/Prototip.unity using Guid(fec53396e9f219246a6c89f012bdbab5) Importer(815301076,1909f56bfc062723c751e8b465ee728b)  -> (artifact id: 'f1ed71365fc7c0c339d91eb85810169d') in 0.008384 seconds
  Import took 0.011379 seconds .

========================================================================
Received Prepare
Registering precompiled user dll's ...
Registered in 0.000587 seconds.
Begin MonoManager ReloadAssembly
Native extension for WindowsStandalone target not found
Refreshing native plugins compatible for Editor in 0.82 ms, found 1 plugins.
Preloading 0 native plugins for Editor in 0.00 ms.
Mono: successfully reloaded assembly
- Completed reload, in  0.745 seconds
Platform modules already initialized, skipping
Switching build target platform(5) subTarget(0) extendedPlatform(0) -> platform(13) subTarget(537395200) extendedPlatform(0)
Refreshing native plugins compatible for Editor in 0.38 ms, found 1 plugins.
Preloading 0 native plugins for Editor in 0.00 ms.
Unloading 1802 Unused Serialized files (Serialized files now loaded: 0)
System memory in use before: 84.3 MB.
System memory in use after: 84.4 MB.

Unloading 7 unused Assets to reduce memory usage. Loaded Objects now: 2259.
Total: 1.718000 ms (FindLiveObjects: 0.180000 ms CreateObjectMapping: 0.038400 ms MarkObjects: 1.483100 ms  DeleteObjects: 0.015400 ms)

AssetImportParameters requested are different than current active one (requested -> active):
  custom:graphics/normal-map-encoding: 01000000000000000000000000000000 -> 02000000000000000000000000000000
AssetImportWorkerClient::OnTransportError - code=2 error=End of file
